<?xml version="1.0" encoding="UTF-8"?>
<!-- Generated by org.testng.reporters.JUnitReportReporter -->
<testsuite hostname="TYC1121225" failures="0" tests="1" name="homePageTest.ToVerifyHomePageTest" time="8.501" errors="0" timestamp="2023-01-12T18:24:59 IST" skipped="0">
  <testcase classname="homePageTest.ToVerifyHomePageTest" name="verifyHomePageTest" time="8.501"/>
  <system-out/>
</testsuite> <!-- homePageTest.ToVerifyHomePageTest -->
